c:\users\aker\onedrive - hoppenbrouwers techniek b.v\documenten\bottelarij code\consoleapplication1\consoleapplication1\x64\debug\vc143.pdb
c:\users\aker\onedrive - hoppenbrouwers techniek b.v\documenten\bottelarij code\consoleapplication1\consoleapplication1\x64\debug\vc143.idb
c:\users\aker\onedrive - hoppenbrouwers techniek b.v\documenten\bottelarij code\consoleapplication1\consoleapplication1\x64\debug\stdafx.obj
c:\users\aker\onedrive - hoppenbrouwers techniek b.v\documenten\bottelarij code\consoleapplication1\consoleapplication1\x64\debug\modbus.obj
c:\users\aker\onedrive - hoppenbrouwers techniek b.v\documenten\bottelarij code\consoleapplication1\consoleapplication1\x64\debug\modbus-tcp.obj
c:\users\aker\onedrive - hoppenbrouwers techniek b.v\documenten\bottelarij code\consoleapplication1\consoleapplication1\x64\debug\modbus-rtu.obj
c:\users\aker\onedrive - hoppenbrouwers techniek b.v\documenten\bottelarij code\consoleapplication1\consoleapplication1\x64\debug\modbus-data.obj
c:\users\aker\onedrive - hoppenbrouwers techniek b.v\documenten\bottelarij code\consoleapplication1\consoleapplication1\x64\debug\consoleapplication1.obj
c:\users\aker\onedrive - hoppenbrouwers techniek b.v\documenten\bottelarij code\bin\x64\gxchunkdata.exe
c:\users\aker\onedrive - hoppenbrouwers techniek b.v\documenten\bottelarij code\consoleapplication1\x64\debug\consoleapplication1.pdb
c:\users\aker\onedrive - hoppenbrouwers techniek b.v\documenten\bottelarij code\consoleapplication1\x64\debug\consoleapplication1.lib
c:\users\aker\onedrive - hoppenbrouwers techniek b.v\documenten\bottelarij code\consoleapplication1\x64\debug\consoleapplication1.exp
c:\users\aker\onedrive - hoppenbrouwers techniek b.v\documenten\bottelarij code\consoleapplication1\consoleapplication1\x64\debug\consoleapplication1.ilk
c:\users\aker\onedrive - hoppenbrouwers techniek b.v\documenten\bottelarij code\consoleapplication1\consoleapplication1\x64\debug\consolea.b45f76c1.tlog\cl.command.1.tlog
c:\users\aker\onedrive - hoppenbrouwers techniek b.v\documenten\bottelarij code\consoleapplication1\consoleapplication1\x64\debug\consolea.b45f76c1.tlog\cl.items.tlog
c:\users\aker\onedrive - hoppenbrouwers techniek b.v\documenten\bottelarij code\consoleapplication1\consoleapplication1\x64\debug\consolea.b45f76c1.tlog\cl.read.1.tlog
c:\users\aker\onedrive - hoppenbrouwers techniek b.v\documenten\bottelarij code\consoleapplication1\consoleapplication1\x64\debug\consolea.b45f76c1.tlog\cl.write.1.tlog
c:\users\aker\onedrive - hoppenbrouwers techniek b.v\documenten\bottelarij code\consoleapplication1\consoleapplication1\x64\debug\consolea.b45f76c1.tlog\link.command.1.tlog
c:\users\aker\onedrive - hoppenbrouwers techniek b.v\documenten\bottelarij code\consoleapplication1\consoleapplication1\x64\debug\consolea.b45f76c1.tlog\link.read.1.tlog
c:\users\aker\onedrive - hoppenbrouwers techniek b.v\documenten\bottelarij code\consoleapplication1\consoleapplication1\x64\debug\consolea.b45f76c1.tlog\link.secondary.1.tlog
c:\users\aker\onedrive - hoppenbrouwers techniek b.v\documenten\bottelarij code\consoleapplication1\consoleapplication1\x64\debug\consolea.b45f76c1.tlog\link.write.1.tlog
